SF:lib/data/house_model.dart
DA:10,3
DA:12,1
DA:14,4
DA:16,0
DA:17,0
DA:18,0
DA:21,0
DA:22,0
DA:23,0
DA:29,0
DA:30,0
DA:36,0
DA:38,0
DA:41,0
DA:42,0
DA:43,0
DA:46,0
DA:47,0
DA:49,1
DA:50,3
DA:51,3
DA:52,5
DA:53,1
DA:54,2
DA:55,1
DA:59,3
DA:60,4
LF:27
LH:12
end_of_record
SF:lib/data/house_view_model.dart
DA:10,0
DA:11,0
DA:12,0
DA:14,0
DA:15,0
DA:17,0
DA:19,0
DA:20,0
LF:8
LH:0
end_of_record
SF:lib/utils/async_data.dart
DA:6,0
DA:8,1
DA:10,0
DA:12,1
DA:14,4
LF:5
LH:3
end_of_record
SF:lib/domain/house_repository.dart
DA:8,0
DA:12,0
DA:13,0
DA:15,0
LF:4
LH:0
end_of_record
SF:lib/domain/http_house_repository.dart
DA:10,0
DA:17,0
DA:21,0
DA:22,0
DA:23,0
DA:24,0
DA:25,0
DA:26,0
DA:31,0
DA:32,0
DA:33,0
DA:34,0
DA:36,0
DA:37,0
DA:38,0
DA:39,0
DA:40,0
DA:43,0
DA:44,0
LF:19
LH:0
end_of_record
SF:lib/domain/mock_house_repository.dart
DA:6,0
DA:8,0
DA:9,0
DA:10,0
DA:11,0
DA:13,0
DA:15,0
LF:7
LH:0
end_of_record
SF:lib/widgets/house_place_widget.dart
DA:5,3
DA:7,2
DA:9,4
DA:10,1
DA:11,2
DA:13,4
DA:16,2
DA:17,4
DA:18,6
LF:9
LH:9
end_of_record
SF:lib/widgets/house_card_widget.dart
DA:10,2
DA:12,1
DA:14,1
DA:15,1
DA:16,0
DA:19,0
DA:20,0
DA:21,0
DA:24,1
DA:25,2
DA:26,1
DA:27,2
DA:28,3
DA:30,3
DA:31,3
DA:35,1
DA:37,1
LF:17
LH:13
end_of_record
SF:lib/main.dart
DA:5,0
DA:6,0
DA:10,1
DA:12,0
DA:14,0
DA:16,0
DA:20,0
DA:21,0
DA:22,0
DA:23,0
DA:24,0
DA:25,0
DA:37,0
LF:13
LH:1
end_of_record
SF:lib/screens/house_dashboard_screen.dart
DA:8,1
DA:10,0
DA:11,0
DA:15,0
DA:17,0
DA:18,0
DA:19,0
DA:21,0
DA:22,0
DA:23,0
DA:24,0
DA:25,0
DA:26,0
DA:28,0
DA:29,0
DA:30,0
DA:31,0
DA:33,0
DA:40,0
DA:41,0
DA:42,0
LF:21
LH:1
end_of_record
SF:lib/screens/house_details_screen.dart
DA:5,0
DA:9,0
DA:13,0
DA:15,0
DA:16,0
DA:17,0
DA:19,0
DA:20,0
DA:21,0
DA:22,0
DA:24,0
DA:26,0
DA:27,0
DA:28,0
DA:30,0
DA:31,0
DA:32,0
LF:17
LH:0
end_of_record
SF:lib/widgets/house_score_widget.dart
DA:5,2
DA:7,1
DA:9,2
DA:10,0
DA:11,0
DA:12,0
DA:15,1
DA:16,2
DA:17,3
LF:9
LH:6
end_of_record
